#
# There is insufficient memory for the Java Runtime Environment to continue.
# Native memory allocation (malloc) failed to allocate 32744 bytes for ChunkPool::allocate
# Possible reasons:
#   The system is out of physical RAM or swap space
#   The process is running with CompressedOops enabled, and the Java Heap may be blocking the growth of the native heap
# Possible solutions:
#   Reduce memory load on the system
#   Increase physical memory or swap space
#   Check if swap backing store is full
#   Decrease Java heap size (-Xmx/-Xms)
#   Decrease number of Java threads
#   Decrease Java thread stack sizes (-Xss)
#   Set larger code cache with -XX:ReservedCodeCacheSize=
#   JVM is running with Unscaled Compressed Oops mode in which the Java heap is
#     placed in the first 4GB address space. The Java Heap base address is the
#     maximum limit for the native heap growth. Please use -XX:HeapBaseMinAddress
#     to set the Java Heap base and to place the Java Heap above 4GB virtual address.
# This output file may be truncated or incomplete.
#
#  Out of Memory Error (arena.cpp:78), pid=3012, tid=20292
#
# JRE version: Java(TM) SE Runtime Environment (17.0.2+8) (build 17.0.2+8-LTS-86)
# Java VM: Java HotSpot(TM) 64-Bit Server VM (17.0.2+8-LTS-86, mixed mode, sharing, tiered, compressed oops, compressed class ptrs, g1 gc, windows-amd64)
# No core dump will be written. Minidumps are not enabled by default on client versions of Windows
#

---------------  S U M M A R Y ------------

Command Line: -Dclassworlds.conf=C:\Program Files\NetBeans-13\netbeans\java\maven\bin\m2.conf -Dmaven.home=C:\Program Files\NetBeans-13\netbeans\java\maven -Dlibrary.jansi.path=C:\Program Files\NetBeans-13\netbeans\java\maven\lib\jansi-native -Dmaven.multiModuleProjectDirectory=C:\Users\nashl\OneDrive - ucr.ac.cr\Documentos\NetBeansProjects\HighClimbHigh org.codehaus.plexus.classworlds.launcher.Launcher -Dexec.vmArgs= -Dexec.args=${exec.vmArgs} -classpath %classpath ${exec.mainClass} ${exec.appArgs} -Dexec.executable=C:\Program Files\Java\jdk-17.0.2\bin\java.exe -Dexec.mainClass=ucr.ac.cr.highclimbhigh.vista.GUIVideoJuego -Dexec.classpathScope=runtime -Dexec.appArgs= -Dmaven.ext.class.path=C:\Program Files\NetBeans-13\netbeans\java\maven-nblib\netbeans-eventspy.jar -Dfile.encoding=UTF-8 org.codehaus.mojo:exec-maven-plugin:3.0.0:exec

Host: Intel(R) Core(TM) i5-8250U CPU @ 1.60GHz, 8 cores, 7G,  Windows 11 , 64 bit Build 22000 (10.0.22000.675)
Time: Sun Jun  5 12:25:38 2022 Hora estándar, América Central elapsed time: 0.514372 seconds (0d 0h 0m 0s)

---------------  T H R E A D  ---------------

Current thread (0x000002167fc5d870):  JavaThread "C2 CompilerThread0" daemon [_thread_in_native, id=20292, stack(0x000000f7d1a00000,0x000000f7d1b00000)]


Current CompileTask:
C2:    514  484       4       java.util.Arrays::copyOfRange (64 bytes)

Stack: [0x000000f7d1a00000,0x000000f7d1b00000]
Native frames: (J=compiled Java code, j=interpreted, Vv=VM code, C=native code)
V  [jvm.dll+0x670baa]
V  [jvm.dll+0x7cfcb4]
V  [jvm.dll+0x7d145e]
V  [jvm.dll+0x7d1ac3]
V  [jvm.dll+0x242bc5]
V  [jvm.dll+0xaa7c0]
V  [jvm.dll+0xaab0c]
V  [jvm.dll+0xaa68b]
V  [jvm.dll+0x6504c9]
V  [jvm.dll+0x78aac]
V  [jvm.dll+0x60acbd]
V  [jvm.dll+0x343f95]
V  [jvm.dll+0x344ca4]
V  [jvm.dll+0x340e3c]
V  [jvm.dll+0x34662a]
V  [jvm.dll+0x33b5f5]
V  [jvm.dll+0x342fac]
V  [jvm.dll+0x1a6290]
V  [jvm.dll+0x686ce9]
V  [jvm.dll+0x680f6b]
V  [jvm.dll+0x6805a7]
V  [jvm.dll+0x67e4a2]
V  [jvm.dll+0x1a4d2c]
V  [jvm.dll+0x214c78]
V  [jvm.dll+0x1a1bbd]
V  [jvm.dll+0x224908]
V  [jvm.dll+0x222a6c]
V  [jvm.dll+0x7859bb]
V  [jvm.dll+0x77ff7a]
V  [jvm.dll+0x66fa35]
C  [ucrtbase.dll+0x26c0c]
C  [KERNEL32.DLL+0x154e0]
C  [ntdll.dll+0x485b]


---------------  P R O C E S S  ---------------

Threads class SMR info:
_java_thread_list=0x00000216069dcc30, length=12, elements={
0x0000021665b13d50, 0x000002167fc3e160, 0x000002167fc3eee0, 0x000002167fc57d40,
0x000002167fc58600, 0x000002167fc58ec0, 0x000002167fc59780, 0x000002167fc5d870,
0x000002167fc67190, 0x000002167fc7b270, 0x00000216069d8850, 0x00000216069e23a0
}

Java Threads: ( => current thread )
  0x0000021665b13d50 JavaThread "main" [_thread_in_vm, id=12544, stack(0x000000f7d0d00000,0x000000f7d0e00000)]
  0x000002167fc3e160 JavaThread "Reference Handler" daemon [_thread_blocked, id=14648, stack(0x000000f7d1400000,0x000000f7d1500000)]
  0x000002167fc3eee0 JavaThread "Finalizer" daemon [_thread_blocked, id=1436, stack(0x000000f7d1500000,0x000000f7d1600000)]
  0x000002167fc57d40 JavaThread "Signal Dispatcher" daemon [_thread_blocked, id=22516, stack(0x000000f7d1600000,0x000000f7d1700000)]
  0x000002167fc58600 JavaThread "Attach Listener" daemon [_thread_blocked, id=16280, stack(0x000000f7d1700000,0x000000f7d1800000)]
  0x000002167fc58ec0 JavaThread "Service Thread" daemon [_thread_blocked, id=14816, stack(0x000000f7d1800000,0x000000f7d1900000)]
  0x000002167fc59780 JavaThread "Monitor Deflation Thread" daemon [_thread_blocked, id=13824, stack(0x000000f7d1900000,0x000000f7d1a00000)]
=>0x000002167fc5d870 JavaThread "C2 CompilerThread0" daemon [_thread_in_native, id=20292, stack(0x000000f7d1a00000,0x000000f7d1b00000)]
  0x000002167fc67190 JavaThread "C1 CompilerThread0" daemon [_thread_blocked, id=1428, stack(0x000000f7d1b00000,0x000000f7d1c00000)]
  0x000002167fc7b270 JavaThread "Sweeper thread" daemon [_thread_blocked, id=11748, stack(0x000000f7d1c00000,0x000000f7d1d00000)]
  0x00000216069d8850 JavaThread "Notification Thread" daemon [_thread_blocked, id=9540, stack(0x000000f7d1d00000,0x000000f7d1e00000)]
  0x00000216069e23a0 JavaThread "Common-Cleaner" daemon [_thread_blocked, id=16668, stack(0x000000f7d1f00000,0x000000f7d2000000)]

Other Threads:
  0x000002167fc39110 VMThread "VM Thread" [stack: 0x000000f7d1300000,0x000000f7d1400000] [id=11476]
  0x0000021665b6eec0 WatcherThread [stack: 0x000000f7d1e00000,0x000000f7d1f00000] [id=964]
  0x0000021665b526d0 GCTaskThread "GC Thread#0" [stack: 0x000000f7d0e00000,0x000000f7d0f00000] [id=16804]
  0x0000021665b651b0 ConcurrentGCThread "G1 Main Marker" [stack: 0x000000f7d0f00000,0x000000f7d1000000] [id=17256]
  0x0000021665b66270 ConcurrentGCThread "G1 Conc#0" [stack: 0x000000f7d1000000,0x000000f7d1100000] [id=1928]
  0x000002167fb00090 ConcurrentGCThread "G1 Refine#0" [stack: 0x000000f7d1100000,0x000000f7d1200000] [id=19088]
  0x000002167fb009c0 ConcurrentGCThread "G1 Service" [stack: 0x000000f7d1200000,0x000000f7d1300000] [id=3064]

Threads with active compile tasks:
C2 CompilerThread0      592  484       4       java.util.Arrays::copyOfRange (64 bytes)
C1 CompilerThread0      592  572       3       java.util.WeakHashMap::put (160 bytes)

VM state: not at safepoint (normal execution)

VM Mutex/Monitor currently owned by a thread: None

Heap address: 0x0000000081c00000, size: 2020 MB, Compressed Oops mode: 32-bit

CDS archive(s) mapped at: [0x0000000800000000-0x0000000800bc0000-0x0000000800bc0000), size 12320768, SharedBaseAddress: 0x0000000800000000, ArchiveRelocationMode: 0.
Compressed class space mapped at: 0x0000000800c00000-0x0000000840c00000, reserved size: 1073741824
Narrow klass base: 0x0000000800000000, Narrow klass shift: 0, Narrow klass range: 0x100000000

GC Precious Log:
 CPUs: 8 total, 8 available
 Memory: 8075M
 Large Page Support: Disabled
 NUMA Support: Disabled
 Compressed Oops: Enabled (32-bit)
 Heap Region Size: 1M
 Heap Min Capacity: 8M
 Heap Initial Capacity: 128M
 Heap Max Capacity: 2020M
 Pre-touch: Disabled
 Parallel Workers: 8
 Concurrent Workers: 2
 Concurrent Refinement Workers: 8
 Periodic GC: Disabled

Heap:
 garbage-first heap   total 131072K, used 8192K [0x0000000081c00000, 0x0000000100000000)
  region size 1024K, 9 young (9216K), 0 survivors (0K)
 Metaspace       used 2199K, committed 2432K, reserved 1056768K
  class space    used 200K, committed 320K, reserved 1048576K

Heap Regions: E=young(eden), S=young(survivor), O=old, HS=humongous(starts), HC=humongous(continues), CS=collection set, F=free, OA=open archive, CA=closed archive, TAMS=top-at-mark-start (previous, next)
|   0|0x0000000081c00000, 0x0000000081c00000, 0x0000000081d00000|  0%| F|  |TAMS 0x0000000081c00000, 0x0000000081c00000| Untracked 
|   1|0x0000000081d00000, 0x0000000081d00000, 0x0000000081e00000|  0%| F|  |TAMS 0x0000000081d00000, 0x0000000081d00000| Untracked 
|   2|0x0000000081e00000, 0x0000000081e00000, 0x0000000081f00000|  0%| F|  |TAMS 0x0000000081e00000, 0x0000000081e00000| Untracked 
|   3|0x0000000081f00000, 0x0000000081f00000, 0x0000000082000000|  0%| F|  |TAMS 0x0000000081f00000, 0x0000000081f00000| Untracked 
|   4|0x0000000082000000, 0x0000000082000000, 0x0000000082100000|  0%| F|  |TAMS 0x0000000082000000, 0x0000000082000000| Untracked 
|   5|0x0000000082100000, 0x0000000082100000, 0x0000000082200000|  0%| F|  |TAMS 0x0000000082100000, 0x0000000082100000| Untracked 
|   6|0x0000000082200000, 0x0000000082200000, 0x0000000082300000|  0%| F|  |TAMS 0x0000000082200000, 0x0000000082200000| Untracked 
|   7|0x0000000082300000, 0x0000000082300000, 0x0000000082400000|  0%| F|  |TAMS 0x0000000082300000, 0x0000000082300000| Untracked 
|   8|0x0000000082400000, 0x0000000082400000, 0x0000000082500000|  0%| F|  |TAMS 0x0000000082400000, 0x0000000082400000| Untracked 
|   9|0x0000000082500000, 0x0000000082500000, 0x0000000082600000|  0%| F|  |TAMS 0x0000000082500000, 0x0000000082500000| Untracked 
|  10|0x0000000082600000, 0x0000000082600000, 0x0000000082700000|  0%| F|  |TAMS 0x0000000082600000, 0x0000000082600000| Untracked 
|  11|0x0000000082700000, 0x0000000082700000, 0x0000000082800000|  0%| F|  |TAMS 0x0000000082700000, 0x0000000082700000| Untracked 
|  12|0x0000000082800000, 0x0000000082800000, 0x0000000082900000|  0%| F|  |TAMS 0x0000000082800000, 0x0000000082800000| Untracked 
|  13|0x0000000082900000, 0x0000000082900000, 0x0000000082a00000|  0%| F|  |TAMS 0x0000000082900000, 0x0000000082900000| Untracked 
|  14|0x0000000082a00000, 0x0000000082a00000, 0x0000000082b00000|  0%| F|  |TAMS 0x0000000082a00000, 0x0000000082a00000| Untracked 
|  15|0x0000000082b00000, 0x0000000082b00000, 0x0000000082c00000|  0%| F|  |TAMS 0x0000000082b00000, 0x0000000082b00000| Untracked 
|  16|0x0000000082c00000, 0x0000000082c00000, 0x0000000082d00000|  0%| F|  |TAMS 0x0000000082c00000, 0x0000000082c00000| Untracked 
|  17|0x0000000082d00000, 0x0000000082d00000, 0x0000000082e00000|  0%| F|  |TAMS 0x0000000082d00000, 0x0000000082d00000| Untracked 
|  18|0x0000000082e00000, 0x0000000082e00000, 0x0000000082f00000|  0%| F|  |TAMS 0x0000000082e00000, 0x0000000082e00000| Untracked 
|  19|0x0000000082f00000, 0x0000000082f00000, 0x0000000083000000|  0%| F|  |TAMS 0x0000000082f00000, 0x0000000082f00000| Untracked 
|  20|0x0000000083000000, 0x0000000083000000, 0x0000000083100000|  0%| F|  |TAMS 0x0000000083000000, 0x0000000083000000| Untracked 
|  21|0x0000000083100000, 0x0000000083100000, 0x0000000083200000|  0%| F|  |TAMS 0x0000000083100000, 0x0000000083100000| Untracked 
|  22|0x0000000083200000, 0x0000000083200000, 0x0000000083300000|  0%| F|  |TAMS 0x0000000083200000, 0x0000000083200000| Untracked 
|  23|0x0000000083300000, 0x0000000083300000, 0x0000000083400000|  0%| F|  |TAMS 0x0000000083300000, 0x0000000083300000| Untracked 
|  24|0x0000000083400000, 0x0000000083400000, 0x0000000083500000|  0%| F|  |TAMS 0x0000000083400000, 0x0000000083400000| Untracked 
|  25|0x0000000083500000, 0x0000000083500000, 0x0000000083600000|  0%| F|  |TAMS 0x0000000083500000, 0x0000000083500000| Untracked 
|  26|0x0000000083600000, 0x0000000083600000, 0x0000000083700000|  0%| F|  |TAMS 0x0000000083600000, 0x0000000083600000| Untracked 
|  27|0x0000000083700000, 0x0000000083700000, 0x0000000083800000|  0%| F|  |TAMS 0x0000000083700000, 0x0000000083700000| Untracked 
|  28|0x0000000083800000, 0x0000000083800000, 0x0000000083900000|  0%| F|  |TAMS 0x0000000083800000, 0x0000000083800000| Untracked 
|  29|0x0000000083900000, 0x0000000083900000, 0x0000000083a00000|  0%| F|  |TAMS 0x0000000083900000, 0x0000000083900000| Untracked 
|  30|0x0000000083a00000, 0x0000000083a00000, 0x0000000083b00000|  0%| F|  |TAMS 0x0000000083a00000, 0x0000000083a00000| Untracked 
|  31|0x0000000083b00000, 0x0000000083b00000, 0x0000000083c00000|  0%| F|  |TAMS 0x0000000083b00000, 0x0000000083b00000| Untracked 
|  32|0x0000000083c00000, 0x0000000083c00000, 0x0000000083d00000|  0%| F|  |TAMS 0x0000000083c00000, 0x0000000083c00000| Untracked 
|  33|0x0000000083d00000, 0x0000000083d00000, 0x0000000083e00000|  0%| F|  |TAMS 0x0000000083d00000, 0x0000000083d00000| Untracked 
|  34|0x0000000083e00000, 0x0000000083e00000, 0x0000000083f00000|  0%| F|  |TAMS 0x0000000083e00000, 0x0000000083e00000| Untracked 
|  35|0x0000000083f00000, 0x0000000083f00000, 0x0000000084000000|  0%| F|  |TAMS 0x0000000083f00000, 0x0000000083f00000| Untracked 
|  36|0x0000000084000000, 0x0000000084000000, 0x0000000084100000|  0%| F|  |TAMS 0x0000000084000000, 0x0000000084000000| Untracked 
|  37|0x0000000084100000, 0x0000000084100000, 0x0000000084200000|  0%| F|  |TAMS 0x0000000084100000, 0x0000000084100000| Untracked 
|  38|0x0000000084200000, 0x0000000084200000, 0x0000000084300000|  0%| F|  |TAMS 0x0000000084200000, 0x0000000084200000| Untracked 
|  39|0x0000000084300000, 0x0000000084300000, 0x0000000084400000|  0%| F|  |TAMS 0x0000000084300000, 0x0000000084300000| Untracked 
|  40|0x0000000084400000, 0x0000000084400000, 0x0000000084500000|  0%| F|  |TAMS 0x0000000084400000, 0x0000000084400000| Untracked 
|  41|0x0000000084500000, 0x0000000084500000, 0x0000000084600000|  0%| F|  |TAMS 0x0000000084500000, 0x0000000084500000| Untracked 
|  42|0x0000000084600000, 0x0000000084600000, 0x0000000084700000|  0%| F|  |TAMS 0x0000000084600000, 0x0000000084600000| Untracked 
|  43|0x0000000084700000, 0x0000000084700000, 0x0000000084800000|  0%| F|  |TAMS 0x0000000084700000, 0x0000000084700000| Untracked 
|  44|0x0000000084800000, 0x0000000084800000, 0x0000000084900000|  0%| F|  |TAMS 0x0000000084800000, 0x0000000084800000| Untracked 
|  45|0x0000000084900000, 0x0000000084900000, 0x0000000084a00000|  0%| F|  |TAMS 0x0000000084900000, 0x0000000084900000| Untracked 
|  46|0x0000000084a00000, 0x0000000084a00000, 0x0000000084b00000|  0%| F|  |TAMS 0x0000000084a00000, 0x0000000084a00000| Untracked 
|  47|0x0000000084b00000, 0x0000000084b00000, 0x0000000084c00000|  0%| F|  |TAMS 0x0000000084b00000, 0x0000000084b00000| Untracked 
|  48|0x0000000084c00000, 0x0000000084c00000, 0x0000000084d00000|  0%| F|  |TAMS 0x0000000084c00000, 0x0000000084c00000| Untracked 
|  49|0x0000000084d00000, 0x0000000084d00000, 0x0000000084e00000|  0%| F|  |TAMS 0x0000000084d00000, 0x0000000084d00000| Untracked 
|  50|0x0000000084e00000, 0x0000000084e00000, 0x0000000084f00000|  0%| F|  |TAMS 0x0000000084e00000, 0x0000000084e00000| Untracked 
|  51|0x0000000084f00000, 0x0000000084f00000, 0x0000000085000000|  0%| F|  |TAMS 0x0000000084f00000, 0x0000000084f00000| Untracked 
|  52|0x0000000085000000, 0x0000000085000000, 0x0000000085100000|  0%| F|  |TAMS 0x0000000085000000, 0x0000000085000000| Untracked 
|  53|0x0000000085100000, 0x0000000085100000, 0x0000000085200000|  0%| F|  |TAMS 0x0000000085100000, 0x0000000085100000| Untracked 
|  54|0x0000000085200000, 0x0000000085200000, 0x0000000085300000|  0%| F|  |TAMS 0x0000000085200000, 0x0000000085200000| Untracked 
|  55|0x0000000085300000, 0x0000000085300000, 0x0000000085400000|  0%| F|  |TAMS 0x0000000085300000, 0x0000000085300000| Untracked 
|  56|0x0000000085400000, 0x0000000085400000, 0x0000000085500000|  0%| F|  |TAMS 0x0000000085400000, 0x0000000085400000| Untracked 
|  57|0x0000000085500000, 0x0000000085500000, 0x0000000085600000|  0%| F|  |TAMS 0x0000000085500000, 0x0000000085500000| Untracked 
|  58|0x0000000085600000, 0x0000000085600000, 0x0000000085700000|  0%| F|  |TAMS 0x0000000085600000, 0x0000000085600000| Untracked 
|  59|0x0000000085700000, 0x0000000085700000, 0x0000000085800000|  0%| F|  |TAMS 0x0000000085700000, 0x0000000085700000| Untracked 
|  60|0x0000000085800000, 0x0000000085800000, 0x0000000085900000|  0%| F|  |TAMS 0x0000000085800000, 0x0000000085800000| Untracked 
|  61|0x0000000085900000, 0x0000000085900000, 0x0000000085a00000|  0%| F|  |TAMS 0x0000000085900000, 0x0000000085900000| Untracked 
|  62|0x0000000085a00000, 0x0000000085a00000, 0x0000000085b00000|  0%| F|  |TAMS 0x0000000085a00000, 0x0000000085a00000| Untracked 
|  63|0x0000000085b00000, 0x0000000085b00000, 0x0000000085c00000|  0%| F|  |TAMS 0x0000000085b00000, 0x0000000085b00000| Untracked 
|  64|0x0000000085c00000, 0x0000000085c00000, 0x0000000085d00000|  0%| F|  |TAMS 0x0000000085c00000, 0x0000000085c00000| Untracked 
|  65|0x0000000085d00000, 0x0000000085d00000, 0x0000000085e00000|  0%| F|  |TAMS 0x0000000085d00000, 0x0000000085d00000| Untracked 
|  66|0x0000000085e00000, 0x0000000085e00000, 0x0000000085f00000|  0%| F|  |TAMS 0x0000000085e00000, 0x0000000085e00000| Untracked 
|  67|0x0000000085f00000, 0x0000000085f00000, 0x0000000086000000|  0%| F|  |TAMS 0x0000000085f00000, 0x0000000085f00000| Untracked 
|  68|0x0000000086000000, 0x0000000086000000, 0x0000000086100000|  0%| F|  |TAMS 0x0000000086000000, 0x0000000086000000| Untracked 
|  69|0x0000000086100000, 0x0000000086100000, 0x0000000086200000|  0%| F|  |TAMS 0x0000000086100000, 0x0000000086100000| Untracked 
|  70|0x0000000086200000, 0x0000000086200000, 0x0000000086300000|  0%| F|  |TAMS 0x0000000086200000, 0x0000000086200000| Untracked 
|  71|0x0000000086300000, 0x0000000086300000, 0x0000000086400000|  0%| F|  |TAMS 0x0000000086300000, 0x0000000086300000| Untracked 
|  72|0x0000000086400000, 0x0000000086400000, 0x0000000086500000|  0%| F|  |TAMS 0x0000000086400000, 0x0000000086400000| Untracked 
|  73|0x0000000086500000, 0x0000000086500000, 0x0000000086600000|  0%| F|  |TAMS 0x0000000086500000, 0x0000000086500000| Untracked 
|  74|0x0000000086600000, 0x0000000086600000, 0x0000000086700000|  0%| F|  |TAMS 0x0000000086600000, 0x0000000086600000| Untracked 
|  75|0x0000000086700000, 0x0000000086700000, 0x0000000086800000|  0%| F|  |TAMS 0x0000000086700000, 0x0000000086700000| Untracked 
|  76|0x0000000086800000, 0x0000000086800000, 0x0000000086900000|  0%| F|  |TAMS 0x0000000086800000, 0x0000000086800000| Untracked 
|  77|0x0000000086900000, 0x0000000086900000, 0x0000000086a00000|  0%| F|  |TAMS 0x0000000086900000, 0x0000000086900000| Untracked 
|  78|0x0000000086a00000, 0x0000000086a00000, 0x0000000086b00000|  0%| F|  |TAMS 0x0000000086a00000, 0x0000000086a00000| Untracked 
|  79|0x0000000086b00000, 0x0000000086b00000, 0x0000000086c00000|  0%| F|  |TAMS 0x0000000086b00000, 0x0000000086b00000| Untracked 
|  80|0x0000000086c00000, 0x0000000086c00000, 0x0000000086d00000|  0%| F|  |TAMS 0x0000000086c00000, 0x0000000086c00000| Untracked 
|  81|0x0000000086d00000, 0x0000000086d00000, 0x0000000086e00000|  0%| F|  |TAMS 0x0000000086d00000, 0x0000000086d00000| Untracked 
|  82|0x0000000086e00000, 0x0000000086e00000, 0x0000000086f00000|  0%| F|  |TAMS 0x0000000086e00000, 0x0000000086e00000| Untracked 
|  83|0x0000000086f00000, 0x0000000086f00000, 0x0000000087000000|  0%| F|  |TAMS 0x0000000086f00000, 0x0000000086f00000| Untracked 
|  84|0x0000000087000000, 0x0000000087000000, 0x0000000087100000|  0%| F|  |TAMS 0x0000000087000000, 0x0000000087000000| Untracked 
|  85|0x0000000087100000, 0x0000000087100000, 0x0000000087200000|  0%| F|  |TAMS 0x0000000087100000, 0x0000000087100000| Untracked 
|  86|0x0000000087200000, 0x0000000087200000, 0x0000000087300000|  0%| F|  |TAMS 0x0000000087200000, 0x0000000087200000| Untracked 
|  87|0x0000000087300000, 0x0000000087300000, 0x0000000087400000|  0%| F|  |TAMS 0x0000000087300000, 0x0000000087300000| Untracked 
|  88|0x0000000087400000, 0x0000000087400000, 0x0000000087500000|  0%| F|  |TAMS 0x0000000087400000, 0x0000000087400000| Untracked 
|  89|0x0000000087500000, 0x0000000087500000, 0x0000000087600000|  0%| F|  |TAMS 0x0000000087500000, 0x0000000087500000| Untracked 
|  90|0x0000000087600000, 0x0000000087600000, 0x0000000087700000|  0%| F|  |TAMS 0x0000000087600000, 0x0000000087600000| Untracked 
|  91|0x0000000087700000, 0x0000000087700000, 0x0000000087800000|  0%| F|  |TAMS 0x0000000087700000, 0x0000000087700000| Untracked 
|  92|0x0000000087800000, 0x0000000087800000, 0x0000000087900000|  0%| F|  |TAMS 0x0000000087800000, 0x0000000087800000| Untracked 
|  93|0x0000000087900000, 0x0000000087900000, 0x0000000087a00000|  0%| F|  |TAMS 0x0000000087900000, 0x0000000087900000| Untracked 
|  94|0x0000000087a00000, 0x0000000087a00000, 0x0000000087b00000|  0%| F|  |TAMS 0x0000000087a00000, 0x0000000087a00000| Untracked 
|  95|0x0000000087b00000, 0x0000000087b00000, 0x0000000087c00000|  0%| F|  |TAMS 0x0000000087b00000, 0x0000000087b00000| Untracked 
|  96|0x0000000087c00000, 0x0000000087c00000, 0x0000000087d00000|  0%| F|  |TAMS 0x0000000087c00000, 0x0000000087c00000| Untracked 
|  97|0x0000000087d00000, 0x0000000087d00000, 0x0000000087e00000|  0%| F|  |TAMS 0x0000000087d00000, 0x0000000087d00000| Untracked 
|  98|0x0000000087e00000, 0x0000000087e00000, 0x0000000087f00000|  0%| F|  |TAMS 0x0000000087e00000, 0x0000000087e00000| Untracked 
|  99|0x0000000087f00000, 0x0000000087f00000, 0x0000000088000000|  0%| F|  |TAMS 0x0000000087f00000, 0x0000000087f00000| Untracked 
| 100|0x0000000088000000, 0x0000000088000000, 0x0000000088100000|  0%| F|  |TAMS 0x0000000088000000, 0x0000000088000000| Untracked 
| 101|0x0000000088100000, 0x0000000088100000, 0x0000000088200000|  0%| F|  |TAMS 0x0000000088100000, 0x0000000088100000| Untracked 
| 102|0x0000000088200000, 0x0000000088200000, 0x0000000088300000|  0%| F|  |TAMS 0x0000000088200000, 0x0000000088200000| Untracked 
| 103|0x0000000088300000, 0x0000000088300000, 0x0000000088400000|  0%| F|  |TAMS 0x0000000088300000, 0x0000000088300000| Untracked 
| 104|0x0000000088400000, 0x0000000088400000, 0x0000000088500000|  0%| F|  |TAMS 0x0000000088400000, 0x0000000088400000| Untracked 
| 105|0x0000000088500000, 0x0000000088500000, 0x0000000088600000|  0%| F|  |TAMS 0x0000000088500000, 0x0000000088500000| Untracked 
| 106|0x0000000088600000, 0x0000000088600000, 0x0000000088700000|  0%| F|  |TAMS 0x0000000088600000, 0x0000000088600000| Untracked 
| 107|0x0000000088700000, 0x0000000088700000, 0x0000000088800000|  0%| F|  |TAMS 0x0000000088700000, 0x0000000088700000| Untracked 
| 108|0x0000000088800000, 0x0000000088800000, 0x0000000088900000|  0%| F|  |TAMS 0x0000000088800000, 0x0000000088800000| Untracked 
| 109|0x0000000088900000, 0x0000000088900000, 0x0000000088a00000|  0%| F|  |TAMS 0x0000000088900000, 0x0000000088900000| Untracked 
| 110|0x0000000088a00000, 0x0000000088a00000, 0x0000000088b00000|  0%| F|  |TAMS 0x0000000088a00000, 0x0000000088a00000| Untracked 
| 111|0x0000000088b00000, 0x0000000088b00000, 0x0000000088c00000|  0%| F|  |TAMS 0x0000000088b00000, 0x0000000088b00000| Untracked 
| 112|0x0000000088c00000, 0x0000000088c00000, 0x0000000088d00000|  0%| F|  |TAMS 0x0000000088c00000, 0x0000000088c00000| Untracked 
| 113|0x0000000088d00000, 0x0000000088d00000, 0x0000000088e00000|  0%| F|  |TAMS 0x0000000088d00000, 0x0000000088d00000| Untracked 
| 114|0x0000000088e00000, 0x0000000088e00000, 0x0000000088f00000|  0%| F|  |TAMS 0x0000000088e00000, 0x0000000088e00000| Untracked 
| 115|0x0000000088f00000, 0x0000000088f00000, 0x0000000089000000|  0%| F|  |TAMS 0x0000000088f00000, 0x0000000088f00000| Untracked 
| 116|0x0000000089000000, 0x0000000089000000, 0x0000000089100000|  0%| F|  |TAMS 0x0000000089000000, 0x0000000089000000| Untracked 
| 117|0x0000000089100000, 0x0000000089100000, 0x0000000089200000|  0%| F|  |TAMS 0x0000000089100000, 0x0000000089100000| Untracked 
| 118|0x0000000089200000, 0x0000000089200000, 0x0000000089300000|  0%| F|  |TAMS 0x0000000089200000, 0x0000000089200000| Untracked 
| 119|0x0000000089300000, 0x0000000089376638, 0x0000000089400000| 46%| E|  |TAMS 0x0000000089300000, 0x0000000089300000| Complete 
| 120|0x0000000089400000, 0x0000000089500000, 0x0000000089500000|100%| E|CS|TAMS 0x0000000089400000, 0x0000000089400000| Complete 
| 121|0x0000000089500000, 0x0000000089600000, 0x0000000089600000|100%| E|CS|TAMS 0x0000000089500000, 0x0000000089500000| Complete 
| 122|0x0000000089600000, 0x0000000089700000, 0x0000000089700000|100%| E|CS|TAMS 0x0000000089600000, 0x0000000089600000| Complete 
| 123|0x0000000089700000, 0x0000000089800000, 0x0000000089800000|100%| E|CS|TAMS 0x0000000089700000, 0x0000000089700000| Complete 
| 124|0x0000000089800000, 0x0000000089900000, 0x0000000089900000|100%| E|CS|TAMS 0x0000000089800000, 0x0000000089800000| Complete 
| 125|0x0000000089900000, 0x0000000089a00000, 0x0000000089a00000|100%| E|CS|TAMS 0x0000000089900000, 0x0000000089900000| Complete 
| 126|0x0000000089a00000, 0x0000000089b00000, 0x0000000089b00000|100%| E|CS|TAMS 0x0000000089a00000, 0x0000000089a00000| Complete 
| 127|0x0000000089b00000, 0x0000000089c00000, 0x0000000089c00000|100%| E|CS|TAMS 0x0000000089b00000, 0x0000000089b00000| Complete 

Card table byte_map: [0x000002167e9e0000,0x000002167ede0000] _byte_map_base: 0x000002167e5d2000

Marking Bits (Prev, Next): (CMBitMap*) 0x0000021665b52bf0, (CMBitMap*) 0x0000021665b52c30
 Prev Bits: [0x0000021600000000, 0x0000021601f90000)
 Next Bits: [0x0000021601f90000, 0x0000021603f20000)

Polling page: 0x0000021665bf0000

Metaspace:

Usage:
  Non-class:      1.99 MB used.
      Class:    205.41 KB used.
       Both:      2.19 MB used.

Virtual space:
  Non-class space:        8.00 MB reserved,       2.06 MB ( 26%) committed,  1 nodes.
      Class space:        1.00 GB reserved,     320.00 KB ( <1%) committed,  1 nodes.
             Both:        1.01 GB reserved,       2.38 MB ( <1%) committed. 

Chunk freelists:
   Non-Class:  2.95 MB
       Class:  3.61 MB
        Both:  6.56 MB

MaxMetaspaceSize: unlimited
CompressedClassSpaceSize: 1.00 GB
Initial GC threshold: 21.00 MB
Current GC threshold: 21.00 MB
CDS: on
MetaspaceReclaimPolicy: balanced
 - commit_granule_bytes: 65536.
 - commit_granule_words: 8192.
 - virtual_space_node_default_size: 1048576.
 - enlarge_chunks_in_place: 1.
 - new_chunks_are_fully_committed: 0.
 - uncommit_free_chunks: 1.
 - use_allocation_guard: 0.
 - handle_deallocations: 1.


Internal statistics:

num_allocs_failed_limit: 0.
num_arena_births: 10.
num_arena_deaths: 0.
num_vsnodes_births: 2.
num_vsnodes_deaths: 0.
num_space_committed: 38.
num_space_uncommitted: 0.
num_chunks_returned_to_freelist: 0.
num_chunks_taken_from_freelist: 65.
num_chunk_merges: 0.
num_chunk_splits: 47.
num_chunks_enlarged: 39.
num_purges: 0.
num_inconsistent_stats: 0.

CodeHeap 'non-profiled nmethods': size=120000Kb used=147Kb max_used=147Kb free=119852Kb
 bounds [0x0000021676650000, 0x00000216768c0000, 0x000002167db80000]
CodeHeap 'profiled nmethods': size=120000Kb used=1074Kb max_used=1074Kb free=118925Kb
 bounds [0x000002166f120000, 0x000002166f390000, 0x0000021676650000]
CodeHeap 'non-nmethods': size=5760Kb used=1130Kb max_used=1133Kb free=4629Kb
 bounds [0x000002166eb80000, 0x000002166edf0000, 0x000002166f120000]
 total_blobs=984 nmethods=571 adapters=326
 compilation: enabled
              stopped_count=0, restarted_count=0
 full_count=0

Compilation events (20 events):
Event: 0.473 Thread 0x000002167fc67190  459       3       java.util.zip.ZipUtils::LOCSIG (6 bytes)
Event: 0.473 Thread 0x000002167fc67190 nmethod 459 0x000002166f1da710 code [0x000002166f1da8c0, 0x000002166f1dab98]
Event: 0.475 Thread 0x000002167fc5d870  460       4       java.lang.StringUTF16::compress (50 bytes)
Event: 0.477 Thread 0x000002167fc67190  461   !   3       java.security.AccessController::doPrivileged (26 bytes)
Event: 0.478 Thread 0x000002167fc67190 nmethod 461 0x000002166f1dad10 code [0x000002166f1daf20, 0x000002166f1db408]
Event: 0.478 Thread 0x000002167fc67190  464       3       org.codehaus.plexus.classworlds.realm.ClassRealm::getClassLoadingLock (38 bytes)
Event: 0.478 Thread 0x000002167fc67190 nmethod 464 0x000002166f1db690 code [0x000002166f1db840, 0x000002166f1dbb48]
Event: 0.478 Thread 0x000002167fc67190  462       3       org.codehaus.plexus.classworlds.realm.ClassRealm::loadClass (7 bytes)
Event: 0.479 Thread 0x000002167fc67190 nmethod 462 0x000002166f1dbc90 code [0x000002166f1dbe40, 0x000002166f1dbf88]
Event: 0.479 Thread 0x000002167fc67190  463   !   3       org.codehaus.plexus.classworlds.realm.ClassRealm::loadClass (33 bytes)
Event: 0.479 Thread 0x000002167fc67190 nmethod 463 0x000002166f1dc010 code [0x000002166f1dc1e0, 0x000002166f1dc478]
Event: 0.479 Thread 0x000002167fc67190  465       3       java.io.FileSystem::hasBooleanAttributes (17 bytes)
Event: 0.480 Thread 0x000002167fc67190 nmethod 465 0x000002166f1dc610 code [0x000002166f1dc7c0, 0x000002166f1dc968]
Event: 0.481 Thread 0x000002167fc67190  466       3       java.lang.String::newStringUTF8NoRepl (276 bytes)
Event: 0.483 Thread 0x000002167fc67190 nmethod 466 0x000002166f1dca10 code [0x000002166f1dccc0, 0x000002166f1dddb8]
Event: 0.483 Thread 0x000002167fc67190  467       3       sun.net.www.protocol.file.Handler::parseURL (18 bytes)
Event: 0.484 Thread 0x000002167fc67190 nmethod 467 0x000002166f1de390 code [0x000002166f1de540, 0x000002166f1de6f8]
Event: 0.484 Thread 0x000002167fc67190  468       3       java.net.URLStreamHandler::parseURL (1201 bytes)
Event: 0.486 Thread 0x000002167fc5d870 nmethod 460 0x0000021676670790 code [0x0000021676670900, 0x0000021676670cd8]
Event: 0.510 Thread 0x000002167fc5d870  484       4       java.util.Arrays::copyOfRange (64 bytes)

GC Heap History (0 events):
No events

Deoptimization events (6 events):
Event: 0.259 Thread 0x0000021665b13d50 Uncommon trap: trap_request=0xffffff45 fr.pc=0x000002167665b6e4 relative=0x0000000000000064
Event: 0.259 Thread 0x0000021665b13d50 Uncommon trap: reason=unstable_if action=reinterpret pc=0x000002167665b6e4 method=java.io.WinNTFileSystem.isSlash(C)Z @ 9 c2
Event: 0.260 Thread 0x0000021665b13d50 DEOPT PACKING pc=0x000002167665b6e4 sp=0x000000f7d0dfe420
Event: 0.260 Thread 0x0000021665b13d50 DEOPT UNPACKING pc=0x000002166ebd23a3 sp=0x000000f7d0dfe3a8 mode 2
Event: 0.457 Thread 0x0000021665b13d50 DEOPT PACKING pc=0x000002166f1688e5 sp=0x000000f7d0dfd4f0
Event: 0.457 Thread 0x0000021665b13d50 DEOPT UNPACKING pc=0x000002166ebd2b43 sp=0x000000f7d0dfc940 mode 0

Classes unloaded (0 events):
No events

Classes redefined (0 events):
No events

Internal exceptions (9 events):
Event: 0.299 Thread 0x0000021665b13d50 Exception <a 'java/lang/NullPointerException'{0x0000000089882a28}> (0x0000000089882a28) 
thrown [t:\workspace\open\src\hotspot\share\interpreter\linkResolver.cpp, line 1357]
Event: 0.322 Thread 0x0000021665b13d50 Exception <a 'java/lang/NullPointerException'{0x00000000898bad80}> (0x00000000898bad80) 
thrown [t:\workspace\open\src\hotspot\share\interpreter\linkResolver.cpp, line 1357]
Event: 0.322 Thread 0x0000021665b13d50 Exception <a 'java/lang/NullPointerException'{0x00000000898bb058}> (0x00000000898bb058) 
thrown [t:\workspace\open\src\hotspot\share\interpreter\linkResolver.cpp, line 1357]
Event: 0.322 Thread 0x0000021665b13d50 Exception <a 'java/lang/NullPointerException'{0x00000000898bb330}> (0x00000000898bb330) 
thrown [t:\workspace\open\src\hotspot\share\interpreter\linkResolver.cpp, line 1357]
Event: 0.323 Thread 0x0000021665b13d50 Exception <a 'java/lang/NullPointerException'{0x00000000898c0cb0}> (0x00000000898c0cb0) 
thrown [t:\workspace\open\src\hotspot\share\interpreter\linkResolver.cpp, line 1357]
Event: 0.325 Thread 0x0000021665b13d50 Exception <a 'java/lang/NullPointerException'{0x00000000898d6068}> (0x00000000898d6068) 
thrown [t:\workspace\open\src\hotspot\share\interpreter\linkResolver.cpp, line 1357]
Event: 0.325 Thread 0x0000021665b13d50 Exception <a 'java/lang/NullPointerException'{0x00000000898d6340}> (0x00000000898d6340) 
thrown [t:\workspace\open\src\hotspot\share\interpreter\linkResolver.cpp, line 1357]
Event: 0.325 Thread 0x0000021665b13d50 Exception <a 'java/lang/NullPointerException'{0x00000000898d6618}> (0x00000000898d6618) 
thrown [t:\workspace\open\src\hotspot\share\interpreter\linkResolver.cpp, line 1357]
Event: 0.325 Thread 0x0000021665b13d50 Exception <a 'java/lang/NullPointerException'{0x00000000898d68f0}> (0x00000000898d68f0) 
thrown [t:\workspace\open\src\hotspot\share\interpreter\linkResolver.cpp, line 1357]

VM Operations (8 events):
Event: 0.148 Executing VM operation: HandshakeAllThreads
Event: 0.148 Executing VM operation: HandshakeAllThreads done
Event: 0.296 Executing VM operation: HandshakeAllThreads
Event: 0.296 Executing VM operation: HandshakeAllThreads done
Event: 0.312 Executing VM operation: HandshakeAllThreads
Event: 0.312 Executing VM operation: HandshakeAllThreads done
Event: 0.474 Executing VM operation: HandshakeAllThreads
Event: 0.474 Executing VM operation: HandshakeAllThreads done

Events (20 events):
Event: 0.422 loading class java/util/regex/Pattern$SliceS
Event: 0.422 loading class java/util/regex/Pattern$SliceS done
Event: 0.425 loading class java/text/MessageFormat
Event: 0.426 loading class java/text/MessageFormat done
Event: 0.433 loading class java/io/EOFException
Event: 0.434 loading class java/io/EOFException done
Event: 0.443 loading class java/util/ArrayList$ListItr
Event: 0.443 loading class java/util/ArrayList$ListItr done
Event: 0.456 loading class java/lang/TypeNotPresentException
Event: 0.456 loading class java/lang/TypeNotPresentException done
Event: 0.465 loading class java/util/concurrent/atomic/AtomicReference
Event: 0.466 loading class java/util/concurrent/atomic/AtomicReference done
Event: 0.484 loading class java/text/ParseException
Event: 0.484 loading class java/text/ParseException done
Event: 0.497 loading class sun/util/calendar/ZoneInfoFile$Checksum
Event: 0.497 loading class sun/util/calendar/ZoneInfoFile$Checksum done
Event: 0.503 loading class jdk/internal/module/ModulePatcher$PatchedModuleReader
Event: 0.503 loading class jdk/internal/module/ModulePatcher$PatchedModuleReader done
Event: 0.504 loading class sun/net/www/protocol/jrt/Handler
Event: 0.504 loading class sun/net/www/protocol/jrt/Handler done


Dynamic libraries:
0x00007ff686120000 - 0x00007ff686130000 	C:\Program Files\Java\jdk-17.0.2\bin\java.exe
0x00007ffc111c0000 - 0x00007ffc113c9000 	C:\WINDOWS\SYSTEM32\ntdll.dll
0x00007ffc0f060000 - 0x00007ffc0f11d000 	C:\WINDOWS\System32\KERNEL32.DLL
0x00007ffc0e9b0000 - 0x00007ffc0ed29000 	C:\WINDOWS\System32\KERNELBASE.dll
0x00007ffc0ef40000 - 0x00007ffc0f051000 	C:\WINDOWS\System32\ucrtbase.dll
0x00007ffc092b0000 - 0x00007ffc092ca000 	C:\Program Files\Java\jdk-17.0.2\bin\VCRUNTIME140.dll
0x00007ffbf4a10000 - 0x00007ffbf4a28000 	C:\Program Files\Java\jdk-17.0.2\bin\jli.dll
0x00007ffc0f9a0000 - 0x00007ffc0fa4e000 	C:\WINDOWS\System32\ADVAPI32.dll
0x00007ffc0fe00000 - 0x00007ffc0fea3000 	C:\WINDOWS\System32\msvcrt.dll
0x00007ffc106a0000 - 0x00007ffc1073e000 	C:\WINDOWS\System32\sechost.dll
0x00007ffc0f5d0000 - 0x00007ffc0f6f0000 	C:\WINDOWS\System32\RPCRT4.dll
0x00007ffc107b0000 - 0x00007ffc1095c000 	C:\WINDOWS\System32\USER32.dll
0x00007ffc018c0000 - 0x00007ffc01b65000 	C:\WINDOWS\WinSxS\amd64_microsoft.windows.common-controls_6595b64144ccf1df_6.0.22000.120_none_9d947278b86cc467\COMCTL32.dll
0x00007ffc0ed30000 - 0x00007ffc0ed56000 	C:\WINDOWS\System32\win32u.dll
0x00007ffc0fa50000 - 0x00007ffc0fa79000 	C:\WINDOWS\System32\GDI32.dll
0x00007ffc0e890000 - 0x00007ffc0e9a2000 	C:\WINDOWS\System32\gdi32full.dll
0x00007ffc0ed60000 - 0x00007ffc0edfd000 	C:\WINDOWS\System32\msvcp_win.dll
0x00007ffc09c60000 - 0x00007ffc09c6a000 	C:\WINDOWS\SYSTEM32\VERSION.dll
0x00007ffc0f2c0000 - 0x00007ffc0f2f1000 	C:\WINDOWS\System32\IMM32.DLL
0x00007ffc0a5b0000 - 0x00007ffc0a5bc000 	C:\Program Files\Java\jdk-17.0.2\bin\vcruntime140_1.dll
0x00007ffbf02b0000 - 0x00007ffbf033d000 	C:\Program Files\Java\jdk-17.0.2\bin\msvcp140.dll
0x00007ffba6710000 - 0x00007ffba72d1000 	C:\Program Files\Java\jdk-17.0.2\bin\server\jvm.dll
0x00007ffc0f840000 - 0x00007ffc0f848000 	C:\WINDOWS\System32\PSAPI.DLL
0x00007ffbfcc30000 - 0x00007ffbfcc39000 	C:\WINDOWS\SYSTEM32\WSOCK32.dll
0x00007ffc0a060000 - 0x00007ffc0a093000 	C:\WINDOWS\SYSTEM32\WINMM.dll
0x00007ffc10740000 - 0x00007ffc107af000 	C:\WINDOWS\System32\WS2_32.dll
0x00007ffc0d8a0000 - 0x00007ffc0d8b8000 	C:\WINDOWS\SYSTEM32\kernel.appcore.dll
0x00007ffc0a200000 - 0x00007ffc0a20a000 	C:\Program Files\Java\jdk-17.0.2\bin\jimage.dll
0x00007ffc0c210000 - 0x00007ffc0c431000 	C:\WINDOWS\SYSTEM32\DBGHELP.DLL
0x00007ffc09250000 - 0x00007ffc09281000 	C:\WINDOWS\SYSTEM32\dbgcore.DLL
0x00007ffc0eec0000 - 0x00007ffc0ef3f000 	C:\WINDOWS\System32\bcryptPrimitives.dll
0x00007ffbfe9e0000 - 0x00007ffbfea05000 	C:\Program Files\Java\jdk-17.0.2\bin\java.dll
0x00007ffbe6e70000 - 0x00007ffbe6f46000 	C:\Program Files\Java\jdk-17.0.2\bin\jsvml.dll
0x00007ffc10960000 - 0x00007ffc1110f000 	C:\WINDOWS\System32\SHELL32.dll
0x00007ffc0c830000 - 0x00007ffc0d098000 	C:\WINDOWS\SYSTEM32\windows.storage.dll
0x00007ffc0fa80000 - 0x00007ffc0fdf8000 	C:\WINDOWS\System32\combase.dll
0x00007ffc0c6c0000 - 0x00007ffc0c826000 	C:\WINDOWS\SYSTEM32\wintypes.dll
0x00007ffc0f4e0000 - 0x00007ffc0f5ca000 	C:\WINDOWS\System32\SHCORE.dll
0x00007ffc0f940000 - 0x00007ffc0f99d000 	C:\WINDOWS\System32\shlwapi.dll
0x00007ffc0e5e0000 - 0x00007ffc0e601000 	C:\WINDOWS\SYSTEM32\profapi.dll
0x00007ffc06db0000 - 0x00007ffc06dc9000 	C:\Program Files\Java\jdk-17.0.2\bin\net.dll
0x00007ffc09a70000 - 0x00007ffc09b7c000 	C:\WINDOWS\SYSTEM32\WINHTTP.dll
0x00007ffc0dcd0000 - 0x00007ffc0dd37000 	C:\WINDOWS\system32\mswsock.dll
0x00007ffbff0c0000 - 0x00007ffbff0d6000 	C:\Program Files\Java\jdk-17.0.2\bin\nio.dll
0x00007ffbfe900000 - 0x00007ffbfe918000 	C:\Program Files\Java\jdk-17.0.2\bin\zip.dll
0x0000000069ac0000 - 0x0000000069ae4000 	C:\Program Files\NetBeans-13\netbeans\java\maven\lib\jansi-native\Windows\x86_64\jansi.dll
0x00007ffc0a140000 - 0x00007ffc0a150000 	C:\Program Files\Java\jdk-17.0.2\bin\verify.dll

dbghelp: loaded successfully - version: 4.0.5 - missing functions: none
symbol engine: initialized successfully - sym options: 0x614 - pdb path: .;C:\Program Files\Java\jdk-17.0.2\bin;C:\WINDOWS\SYSTEM32;C:\WINDOWS\WinSxS\amd64_microsoft.windows.common-controls_6595b64144ccf1df_6.0.22000.120_none_9d947278b86cc467;C:\Program Files\Java\jdk-17.0.2\bin\server;C:\Program Files\NetBeans-13\netbeans\java\maven\lib\jansi-native\Windows\x86_64

VM Arguments:
jvm_args: -Dclassworlds.conf=C:\Program Files\NetBeans-13\netbeans\java\maven\bin\m2.conf -Dmaven.home=C:\Program Files\NetBeans-13\netbeans\java\maven -Dlibrary.jansi.path=C:\Program Files\NetBeans-13\netbeans\java\maven\lib\jansi-native -Dmaven.multiModuleProjectDirectory=C:\Users\nashl\OneDrive - ucr.ac.cr\Documentos\NetBeansProjects\HighClimbHigh 
java_command: org.codehaus.plexus.classworlds.launcher.Launcher -Dexec.vmArgs= -Dexec.args=${exec.vmArgs} -classpath %classpath ${exec.mainClass} ${exec.appArgs} -Dexec.executable=C:\Program Files\Java\jdk-17.0.2\bin\java.exe -Dexec.mainClass=ucr.ac.cr.highclimbhigh.vista.GUIVideoJuego -Dexec.classpathScope=runtime -Dexec.appArgs= -Dmaven.ext.class.path=C:\Program Files\NetBeans-13\netbeans\java\maven-nblib\netbeans-eventspy.jar -Dfile.encoding=UTF-8 org.codehaus.mojo:exec-maven-plugin:3.0.0:exec
java_class_path (initial): C:\Program Files\NetBeans-13\netbeans\java\maven\boot\plexus-classworlds-2.6.0.jar
Launcher Type: SUN_STANDARD

[Global flags]
     intx CICompilerCount                          = 4                                         {product} {ergonomic}
     uint ConcGCThreads                            = 2                                         {product} {ergonomic}
     uint G1ConcRefinementThreads                  = 8                                         {product} {ergonomic}
   size_t G1HeapRegionSize                         = 1048576                                   {product} {ergonomic}
    uintx GCDrainStackTargetSize                   = 64                                        {product} {ergonomic}
   size_t InitialHeapSize                          = 134217728                                 {product} {ergonomic}
   size_t MarkStackSize                            = 4194304                                   {product} {ergonomic}
   size_t MaxHeapSize                              = 2118123520                                {product} {ergonomic}
   size_t MaxNewSize                               = 1270874112                                {product} {ergonomic}
   size_t MinHeapDeltaBytes                        = 1048576                                   {product} {ergonomic}
   size_t MinHeapSize                              = 8388608                                   {product} {ergonomic}
    uintx NonNMethodCodeHeapSize                   = 5839372                                {pd product} {ergonomic}
    uintx NonProfiledCodeHeapSize                  = 122909434                              {pd product} {ergonomic}
    uintx ProfiledCodeHeapSize                     = 122909434                              {pd product} {ergonomic}
    uintx ReservedCodeCacheSize                    = 251658240                              {pd product} {ergonomic}
     bool SegmentedCodeCache                       = true                                      {product} {ergonomic}
   size_t SoftMaxHeapSize                          = 2118123520                             {manageable} {ergonomic}
     bool UseCompressedClassPointers               = true                           {product lp64_product} {ergonomic}
     bool UseCompressedOops                        = true                           {product lp64_product} {ergonomic}
     bool UseG1GC                                  = true                                      {product} {ergonomic}
     bool UseLargePagesIndividualAllocation        = false                                  {pd product} {ergonomic}

Logging:
Log output configuration:
 #0: stdout all=warning uptime,level,tags
 #1: stderr all=off uptime,level,tags

Environment Variables:
JAVA_HOME=C:\Program Files\Java\jdk-17.0.2
PATH=C:\Program Files\Common Files\Oracle\Java\javapath;C:\WINDOWS\system32;C:\WINDOWS;C:\WINDOWS\System32\Wbem;C:\WINDOWS\System32\WindowsPowerShell\v1.0\;C:\WINDOWS\System32\OpenSSH\;C:\Program Files\MySQL\MySQL Shell 8.0\bin\;C:\Users\nashl\AppData\Local\Microsoft\WindowsApps;
USERNAME=nashl
OS=Windows_NT
PROCESSOR_IDENTIFIER=Intel64 Family 6 Model 142 Stepping 10, GenuineIntel



---------------  S Y S T E M  ---------------

OS:
 Windows 11 , 64 bit Build 22000 (10.0.22000.675)
OS uptime: 23 days 9:08 hours

CPU: total 8 (initial active 8) (4 cores per cpu, 2 threads per core) family 6 model 142 stepping 10 microcode 0xe0, cx8, cmov, fxsr, ht, mmx, 3dnowpref, sse, sse2, sse3, ssse3, sse4.1, sse4.2, popcnt, lzcnt, tsc, tscinvbit, avx, avx2, aes, erms, clmul, bmi1, bmi2, adx, fma, vzeroupper, clflush, clflushopt

Memory: 4k page, system-wide physical 8075M (315M free)
TotalPageFile size 32651M (AvailPageFile size 0M)
current process WorkingSet (physical memory assigned to process): 50M, peak: 50M
current process commit charge ("private bytes"): 218M, peak: 218M

vm_info: Java HotSpot(TM) 64-Bit Server VM (17.0.2+8-LTS-86) for windows-amd64 JRE (17.0.2+8-LTS-86), built on Dec  7 2021 21:51:03 by "mach5one" with MS VC++ 16.8 / 16.9 (VS2019)

END.
